{
  "stats": {
    "suites": 1,
    "tests": 2,
    "passes": 0,
    "pending": 0,
    "failures": 2,
    "start": "2021-12-08T18:49:40.072Z",
    "end": "2021-12-08T18:50:13.286Z",
    "duration": 33214,
    "testsRegistered": 2,
    "passPercent": 0,
    "pendingPercent": 0,
    "other": 0,
    "hasOther": false,
    "skipped": 0,
    "hasSkipped": false
  },
  "results": [
    {
      "uuid": "c79a9262-f070-4b34-a28b-78ea1d1f4816",
      "title": "",
      "fullFile": "cypress/integration/developerMode.spec.js",
      "file": "cypress/integration/developerMode.spec.js",
      "beforeHooks": [],
      "afterHooks": [],
      "tests": [],
      "suites": [
        {
          "uuid": "789ef807-ae73-4c9b-bae6-d1ab70b9d19f",
          "title": "3 - Verifica os multi-ambientes e modo de desenvolvimento",
          "fullFile": "",
          "file": "",
          "beforeHooks": [],
          "afterHooks": [],
          "tests": [
            {
              "title": "Será validado que a tag de desenvolvimento foi encontrada no frontend de desenvolvimento",
              "fullTitle": "3 - Verifica os multi-ambientes e modo de desenvolvimento Será validado que a tag de desenvolvimento foi encontrada no frontend de desenvolvimento",
              "timedOut": null,
              "duration": 15410,
              "state": "failed",
              "speed": null,
              "pass": false,
              "fail": true,
              "pending": false,
              "context": null,
              "code": "cy.visit(FRONT_URL);\ncy.contains(\"Em desenvolvimento\").should(\"exist\");",
              "err": {
                "message": "AssertionError: Timed out retrying: Expected to find content: 'Em desenvolvimento' but never did.",
                "estack": "AssertionError: Timed out retrying: Expected to find content: 'Em desenvolvimento' but never did.\n    at Context.eval (https://apaulinhacarlos-ft.herokuapp.com/__cypress/tests?p=cypress/integration/developerMode.spec.js:104:39)",
                "diff": null
              },
              "uuid": "2e58e51c-3ce9-4bce-b752-02a182022eea",
              "parentUUID": "789ef807-ae73-4c9b-bae6-d1ab70b9d19f",
              "isHook": false,
              "skipped": false
            },
            {
              "title": "Será validado que a tag de desenvolvimento não existe no frontend de produção",
              "fullTitle": "3 - Verifica os multi-ambientes e modo de desenvolvimento Será validado que a tag de desenvolvimento não existe no frontend de produção",
              "timedOut": null,
              "duration": 13501,
              "state": "failed",
              "speed": null,
              "pass": false,
              "fail": true,
              "pending": false,
              "context": null,
              "code": "cy.visit(FRONT_URL_PROD);\ncy.contains(\"Em desenvolvimento\").should(\"not.exist\");",
              "err": {
                "message": "AssertionError: Timed out retrying: Expected not to find content: 'Em desenvolvimento' but continuously found it.",
                "estack": "AssertionError: Timed out retrying: Expected not to find content: 'Em desenvolvimento' but continuously found it.\n    at Context.eval (https://apaulinhacarlos-pd.herokuapp.com/__cypress/tests?p=cypress/integration/developerMode.spec.js:108:39)",
                "diff": null
              },
              "uuid": "e498c4bf-31c2-4bae-9b5e-a1c209aa2552",
              "parentUUID": "789ef807-ae73-4c9b-bae6-d1ab70b9d19f",
              "isHook": false,
              "skipped": false
            }
          ],
          "suites": [],
          "passes": [],
          "failures": [
            "2e58e51c-3ce9-4bce-b752-02a182022eea",
            "e498c4bf-31c2-4bae-9b5e-a1c209aa2552"
          ],
          "pending": [],
          "skipped": [],
          "duration": 28911,
          "root": false,
          "rootEmpty": false,
          "_timeout": 2000
        }
      ],
      "passes": [],
      "failures": [],
      "pending": [],
      "skipped": [],
      "duration": 0,
      "root": true,
      "rootEmpty": true,
      "_timeout": 2000
    }
  ],
  "meta": {
    "mocha": {
      "version": "7.0.1"
    },
    "mochawesome": {
      "options": {
        "quiet": false,
        "reportFilename": "mochawesome",
        "saveHtml": false,
        "saveJson": true,
        "consoleReporter": "spec",
        "useInlineDiffs": false
      },
      "version": "4.1.0"
    },
    "marge": {
      "options": {
        "id": "default",
        "reportDir": "cypress/reports",
        "overwrite": false,
        "html": false,
        "json": true
      },
      "version": "4.1.0"
    }
  }
}